<?xml version="1.0" encoding="UTF-8"?>
<!-- Generated by org.testng.reporters.JUnitReportReporter -->
<testsuite hostname="SymMacToolkit-C02NT3SLG3QD" name="calculator.StringCalculatorTest" tests="7" failures="0" timestamp="13 Nov 2015 19:36:40 GMT" time="0.014" errors="0">
  <testcase name="addsNumbersWithCustomDelimiter" time="0.001" classname="calculator.StringCalculatorTest"/>
  <testcase name="addingEmptyStringReturnsZero" time="0.000" classname="calculator.StringCalculatorTest"/>
  <testcase name="addsNumbersSeparatedByCommas" time="0.001" classname="calculator.StringCalculatorTest"/>
  <testcase name="addsNumbersSeparatedByNewlines" time="0.000" classname="calculator.StringCalculatorTest"/>
  <testcase name="addsNegativeNumbersThrowsError" time="0.000" classname="calculator.StringCalculatorTest"/>
  <testcase name="addingASingleNumberReturnsTheSameNumber" time="0.011" classname="calculator.StringCalculatorTest"/>
  <testcase name="addsANegativeNumbersThrowsError" time="0.001" classname="calculator.StringCalculatorTest"/>
</testsuite> <!-- calculator.StringCalculatorTest -->
