<?xml version="1.0" encoding="UTF-8"?>
<!-- Generated by org.testng.reporters.JUnitReportReporter -->
<testsuite hostname="SymMacToolkit-C02NT3SLG3QD" name="fizzBuzz.FizzBuzzTest" tests="6" failures="0" timestamp="19 Nov 2015 23:54:08 GMT" time="0.022" errors="0">
  <testcase name="everyNumberDivisableBy5IsBuzz" time="0.002" classname="fizzBuzz.FizzBuzzTest"/>
  <testcase name="everyNumberDivisableBy3IsBuzz" time="0.002" classname="fizzBuzz.FizzBuzzTest"/>
  <testcase name="anyNumberWith3And5IsFizzBuzz" time="0.013" classname="fizzBuzz.FizzBuzzTest"/>
  <testcase name="everyNumberDivisableBy3And5IsFizzBuzz" time="0.002" classname="fizzBuzz.FizzBuzzTest"/>
  <testcase name="anyNumberWithA3IsFizz" time="0.001" classname="fizzBuzz.FizzBuzzTest"/>
  <testcase name="anyNumberWithA5IsBuzz" time="0.002" classname="fizzBuzz.FizzBuzzTest"/>
</testsuite> <!-- fizzBuzz.FizzBuzzTest -->
